<?xml version="1.0" encoding="UTF-8"?>
<coverage generated="1675701652653" clover="3.2.0">
  <project timestamp="1675701652653" name="All files">
    <metrics statements="31" coveredstatements="31" conditionals="6" coveredconditionals="6" methods="3" coveredmethods="3" elements="40" coveredelements="40" complexity="0" loc="31" ncloc="31" packages="1" files="1" classes="1"/>
    <file name="validator.js" path="C:\Users\Lenovo\Desktop\parte B\DEV004-card-validation\src\validator.js">
      <metrics statements="31" coveredstatements="31" conditionals="6" coveredconditionals="6" methods="3" coveredmethods="3"/>
      <line num="5" count="34" type="cond" truecount="2" falsecount="0"/>
      <line num="6" count="18" type="stmt"/>
      <line num="8" count="16" type="stmt"/>
      <line num="14" count="1" type="stmt"/>
      <line num="19" count="3" type="stmt"/>
      <line num="22" count="3" type="stmt"/>
      <line num="27" count="3" type="stmt"/>
      <line num="29" count="3" type="stmt"/>
      <line num="31" count="34" type="stmt"/>
      <line num="34" count="34" type="stmt"/>
      <line num="37" count="34" type="cond" truecount="2" falsecount="0"/>
      <line num="38" count="16" type="stmt"/>
      <line num="39" count="16" type="cond" truecount="2" falsecount="0"/>
      <line num="40" count="8" type="stmt"/>
      <line num="41" count="8" type="stmt"/>
      <line num="44" count="8" type="stmt"/>
      <line num="47" count="8" type="stmt"/>
      <line num="51" count="18" type="stmt"/>
      <line num="52" count="18" type="stmt"/>
      <line num="55" count="3" type="stmt"/>
      <line num="57" count="3" type="stmt"/>
      <line num="62" count="3" type="stmt"/>
      <line num="63" count="3" type="stmt"/>
      <line num="64" count="3" type="stmt"/>
      <line num="65" count="3" type="stmt"/>
      <line num="66" count="27" type="stmt"/>
      <line num="68" count="3" type="stmt"/>
      <line num="70" count="3" type="stmt"/>
      <line num="71" count="3" type="stmt"/>
      <line num="72" count="3" type="stmt"/>
      <line num="74" count="3" type="stmt"/>
    </file>
  </project>
</coverage>
