{"C:\\Users\\Lenovo\\Desktop\\parte B\\DEV004-card-validation\\src\\validator.js": {"path":"C:\\Users\\Lenovo\\Desktop\\parte B\\DEV004-card-validation\\src\\validator.js","statementMap":{"0":{"start":{"line":5,"column":4},"end":{"line":9,"column":5}},"1":{"start":{"line":6,"column":8},"end":{"line":6,"column":20}},"2":{"start":{"line":8,"column":8},"end":{"line":8,"column":21}},"3":{"start":{"line":14,"column":18},"end":{"line":76,"column":1}},"4":{"start":{"line":19,"column":29},"end":{"line":19,"column":55}},"5":{"start":{"line":22,"column":28},"end":{"line":22,"column":52}},"6":{"start":{"line":27,"column":24},"end":{"line":27,"column":25}},"7":{"start":{"line":29,"column":8},"end":{"line":54,"column":9}},"8":{"start":{"line":29,"column":25},"end":{"line":29,"column":26}},"9":{"start":{"line":31,"column":28},"end":{"line":31,"column":58}},"10":{"start":{"line":34,"column":26},"end":{"line":34,"column":49}},"11":{"start":{"line":37,"column":12},"end":{"line":53,"column":13}},"12":{"start":{"line":38,"column":32},"end":{"line":38,"column":43}},"13":{"start":{"line":39,"column":16},"end":{"line":49,"column":17}},"14":{"start":{"line":40,"column":39},"end":{"line":40,"column":69}},"15":{"start":{"line":41,"column":47},"end":{"line":41,"column":96}},"16":{"start":{"line":44,"column":20},"end":{"line":44,"column":53}},"17":{"start":{"line":47,"column":20},"end":{"line":47,"column":43}},"18":{"start":{"line":51,"column":16},"end":{"line":51,"column":36}},"19":{"start":{"line":52,"column":16},"end":{"line":52,"column":37}},"20":{"start":{"line":55,"column":8},"end":{"line":55,"column":31}},"21":{"start":{"line":57,"column":8},"end":{"line":57,"column":35}},"22":{"start":{"line":62,"column":26},"end":{"line":62,"column":42}},"23":{"start":{"line":63,"column":8},"end":{"line":63,"column":60}},"24":{"start":{"line":64,"column":20},"end":{"line":64,"column":22}},"25":{"start":{"line":65,"column":8},"end":{"line":67,"column":9}},"26":{"start":{"line":65,"column":21},"end":{"line":65,"column":22}},"27":{"start":{"line":66,"column":12},"end":{"line":66,"column":31}},"28":{"start":{"line":68,"column":8},"end":{"line":68,"column":53}},"29":{"start":{"line":70,"column":25},"end":{"line":70,"column":43}},"30":{"start":{"line":71,"column":21},"end":{"line":71,"column":41}},"31":{"start":{"line":72,"column":8},"end":{"line":72,"column":27}},"32":{"start":{"line":74,"column":8},"end":{"line":74,"column":22}}},"fnMap":{"0":{"name":"validarPuestoPar","decl":{"start":{"line":4,"column":9},"end":{"line":4,"column":25}},"loc":{"start":{"line":4,"column":34},"end":{"line":11,"column":1}},"line":4},"1":{"name":"(anonymous_1)","decl":{"start":{"line":17,"column":13},"end":{"line":17,"column":14}},"loc":{"start":{"line":17,"column":41},"end":{"line":58,"column":5}},"line":17},"2":{"name":"(anonymous_2)","decl":{"start":{"line":61,"column":13},"end":{"line":61,"column":14}},"loc":{"start":{"line":61,"column":25},"end":{"line":75,"column":5}},"line":61}},"branchMap":{"0":{"loc":{"start":{"line":5,"column":4},"end":{"line":9,"column":5}},"type":"if","locations":[{"start":{"line":5,"column":4},"end":{"line":9,"column":5}},{"start":{"line":7,"column":11},"end":{"line":9,"column":5}}],"line":5},"1":{"loc":{"start":{"line":37,"column":12},"end":{"line":53,"column":13}},"type":"if","locations":[{"start":{"line":37,"column":12},"end":{"line":53,"column":13}},{"start":{"line":50,"column":19},"end":{"line":53,"column":13}}],"line":37},"2":{"loc":{"start":{"line":39,"column":16},"end":{"line":49,"column":17}},"type":"if","locations":[{"start":{"line":39,"column":16},"end":{"line":49,"column":17}},{"start":{"line":46,"column":23},"end":{"line":49,"column":17}}],"line":39}},"s":{"0":34,"1":18,"2":16,"3":1,"4":3,"5":3,"6":3,"7":3,"8":3,"9":34,"10":34,"11":34,"12":16,"13":16,"14":8,"15":8,"16":8,"17":8,"18":18,"19":18,"20":3,"21":3,"22":3,"23":3,"24":3,"25":3,"26":3,"27":27,"28":3,"29":3,"30":3,"31":3,"32":3},"f":{"0":34,"1":3,"2":3},"b":{"0":[18,16],"1":[16,18],"2":[8,8]},"_coverageSchema":"1a1c01bbd47fc00a2c39e90264f33305004495a9","hash":"e99b754d2af11209b3a8271bdf20d426cd2171dc"}
}
