TN:
SF:src\validator.js
FN:4,validarPuestoPar
FN:17,(anonymous_1)
FN:61,(anonymous_2)
FNF:3
FNH:3
FNDA:34,validarPuestoPar
FNDA:3,(anonymous_1)
FNDA:3,(anonymous_2)
DA:5,34
DA:6,18
DA:8,16
DA:14,1
DA:19,3
DA:22,3
DA:27,3
DA:29,3
DA:31,34
DA:34,34
DA:37,34
DA:38,16
DA:39,16
DA:40,8
DA:41,8
DA:44,8
DA:47,8
DA:51,18
DA:52,18
DA:55,3
DA:57,3
DA:62,3
DA:63,3
DA:64,3
DA:65,3
DA:66,27
DA:68,3
DA:70,3
DA:71,3
DA:72,3
DA:74,3
LF:31
LH:31
BRDA:5,0,0,18
BRDA:5,0,1,16
BRDA:37,1,0,16
BRDA:37,1,1,18
BRDA:39,2,0,8
BRDA:39,2,1,8
BRF:6
BRH:6
end_of_record
